<?xml version="1.0" encoding="UTF-8"?>
<!-- Generated by org.testng.reporters.JUnitReportReporter -->
<testsuite hostname="Saran" failures="0" tests="3" name="api.test.userTest" time="7.922" errors="0" timestamp="2025-06-01T13:08:52 IST" skipped="0">
  <testcase classname="api.test.userTest" name="testPostUser" time="5.090"/>
  <testcase classname="api.test.userTest" name="testGetUser" time="1.513"/>
  <testcase classname="api.test.userTest" name="testUpdateUser" time="1.319"/>
</testsuite> <!-- api.test.userTest -->
