<?xml version="1.0" encoding="UTF-8"?>
<!-- Generated by org.testng.reporters.JUnitReportReporter -->
<testsuite hostname="Saran" failures="0" tests="8" name="api.test.DataDrivenTest" time="14.918" errors="0" timestamp="2025-06-01T12:53:57 IST" skipped="0">
  <testcase classname="api.test.DataDrivenTest" name="testPostUser" time="1.527"/>
  <testcase classname="api.test.DataDrivenTest" name="testPostUser" time="4.701"/>
  <testcase classname="api.test.DataDrivenTest" name="testPostUser" time="1.520"/>
  <testcase classname="api.test.DataDrivenTest" name="testPostUser" time="1.409"/>
  <testcase classname="api.test.DataDrivenTest" name="testDeleteUser" time="1.471"/>
  <testcase classname="api.test.DataDrivenTest" name="testDeleteUser" time="1.360"/>
  <testcase classname="api.test.DataDrivenTest" name="testDeleteUser" time="1.452"/>
  <testcase classname="api.test.DataDrivenTest" name="testDeleteUser" time="1.478"/>
</testsuite> <!-- api.test.DataDrivenTest -->
