<?xml version="1.0" encoding="UTF-8"?>
<!-- Generated by org.testng.reporters.JUnitReportReporter -->
<testsuite hostname="Saran" failures="0" tests="4" name="api.test.DataDrivenTest" time="7.758" errors="0" timestamp="2025-06-01T14:34:34 IST" skipped="0">
  <testcase classname="api.test.DataDrivenTest" name="testPostUser" time="1.374"/>
  <testcase classname="api.test.DataDrivenTest" name="testPostUser" time="1.371"/>
  <testcase classname="api.test.DataDrivenTest" name="testPostUser" time="1.348"/>
  <testcase classname="api.test.DataDrivenTest" name="testPostUser" time="3.665"/>
</testsuite> <!-- api.test.DataDrivenTest -->
